2016-12-04 20:17:28,276 - Default Properties File: org\apache\velocity\runtime\defaults\velocity.properties
2016-12-04 20:17:28,277 - Trying to use logger class org.apache.velocity.runtime.log.SimpleLog4JLogSystem
2016-12-04 20:17:28,277 - Using logger class org.apache.velocity.runtime.log.SimpleLog4JLogSystem
2016-12-04 20:17:28,281 - Default ResourceManager initializing. (class org.apache.velocity.runtime.resource.ResourceManagerImpl)
2016-12-04 20:17:28,283 - Resource Loader Instantiated: org.apache.velocity.runtime.resource.loader.ClasspathResourceLoader
2016-12-04 20:17:28,283 - ClasspathResourceLoader : initialization starting.
2016-12-04 20:17:28,283 - ClasspathResourceLoader : initialization complete.
2016-12-04 20:17:28,287 - ResourceCache : initialized. (class org.apache.velocity.runtime.resource.ResourceCacheImpl)
2016-12-04 20:17:28,287 - Default ResourceManager initialization complete.
2016-12-04 20:17:28,289 - Loaded System Directive: org.apache.velocity.runtime.directive.Literal
2016-12-04 20:17:28,290 - Loaded System Directive: org.apache.velocity.runtime.directive.Macro
2016-12-04 20:17:28,292 - Loaded System Directive: org.apache.velocity.runtime.directive.Parse
2016-12-04 20:17:28,294 - Loaded System Directive: org.apache.velocity.runtime.directive.Include
2016-12-04 20:17:28,295 - Loaded System Directive: org.apache.velocity.runtime.directive.Foreach
2016-12-04 20:17:28,316 - Created: 20 parsers.
2016-12-04 20:17:28,323 - Velocimacro : initialization starting.
2016-12-04 20:17:28,323 - Velocimacro : adding VMs from VM library template : VM_global_library.vm
2016-12-04 20:17:28,329 - ResourceManager : unable to find resource 'VM_global_library.vm' in any resource loader.
2016-12-04 20:17:28,329 - Velocimacro : error using  VM library template VM_global_library.vm : org.apache.velocity.exception.ResourceNotFoundException: Unable to find resource 'VM_global_library.vm'
2016-12-04 20:17:28,329 - Velocimacro :  VM library template macro registration complete.
2016-12-04 20:17:28,329 - Velocimacro : allowInline = true : VMs can be defined inline in templates
2016-12-04 20:17:28,329 - Velocimacro : allowInlineToOverride = false : VMs defined inline may NOT replace previous VM definitions
2016-12-04 20:17:28,329 - Velocimacro : allowInlineLocal = false : VMs defined inline will be  global in scope if allowed.
2016-12-04 20:17:28,329 - Velocimacro : messages on  : VM system will output logging messages
2016-12-04 20:17:28,329 - Velocimacro : autoload off  : VM system will not automatically reload global library macros
2016-12-04 20:17:28,329 - Velocimacro : initialization complete.
2016-12-04 20:17:28,330 - Velocity successfully started.
2016-12-04 20:18:42,371 - SimpleLog4JLogSystem initialized using logfile 'velocity.log'
2016-12-04 20:18:42,371 - ************************************************************** 
2016-12-04 20:18:42,371 - Starting Jakarta Velocity v1.4
2016-12-04 20:18:42,371 - RuntimeInstance initializing.
2016-12-04 20:18:42,371 - Default Properties File: org\apache\velocity\runtime\defaults\velocity.properties
2016-12-04 20:18:42,371 - Trying to use logger class org.apache.velocity.runtime.log.SimpleLog4JLogSystem
2016-12-04 20:18:42,371 - Using logger class org.apache.velocity.runtime.log.SimpleLog4JLogSystem
2016-12-04 20:18:42,374 - Default ResourceManager initializing. (class org.apache.velocity.runtime.resource.ResourceManagerImpl)
2016-12-04 20:18:42,376 - Resource Loader Instantiated: org.apache.velocity.runtime.resource.loader.ClasspathResourceLoader
2016-12-04 20:18:42,376 - ClasspathResourceLoader : initialization starting.
2016-12-04 20:18:42,376 - ClasspathResourceLoader : initialization complete.
2016-12-04 20:18:42,377 - ResourceCache : initialized. (class org.apache.velocity.runtime.resource.ResourceCacheImpl)
2016-12-04 20:18:42,377 - Default ResourceManager initialization complete.
2016-12-04 20:18:42,379 - Loaded System Directive: org.apache.velocity.runtime.directive.Literal
2016-12-04 20:18:42,381 - Loaded System Directive: org.apache.velocity.runtime.directive.Macro
2016-12-04 20:18:42,383 - Loaded System Directive: org.apache.velocity.runtime.directive.Parse
2016-12-04 20:18:42,384 - Loaded System Directive: org.apache.velocity.runtime.directive.Include
2016-12-04 20:18:42,385 - Loaded System Directive: org.apache.velocity.runtime.directive.Foreach
2016-12-04 20:18:42,408 - Created: 20 parsers.
2016-12-04 20:18:42,415 - Velocimacro : initialization starting.
2016-12-04 20:18:42,415 - Velocimacro : adding VMs from VM library template : VM_global_library.vm
2016-12-04 20:18:42,422 - ResourceManager : unable to find resource 'VM_global_library.vm' in any resource loader.
2016-12-04 20:18:42,422 - Velocimacro : error using  VM library template VM_global_library.vm : org.apache.velocity.exception.ResourceNotFoundException: Unable to find resource 'VM_global_library.vm'
2016-12-04 20:18:42,422 - Velocimacro :  VM library template macro registration complete.
2016-12-04 20:18:42,422 - Velocimacro : allowInline = true : VMs can be defined inline in templates
2016-12-04 20:18:42,422 - Velocimacro : allowInlineToOverride = false : VMs defined inline may NOT replace previous VM definitions
2016-12-04 20:18:42,422 - Velocimacro : allowInlineLocal = false : VMs defined inline will be  global in scope if allowed.
2016-12-04 20:18:42,422 - Velocimacro : messages on  : VM system will output logging messages
2016-12-04 20:18:42,422 - Velocimacro : autoload off  : VM system will not automatically reload global library macros
2016-12-04 20:18:42,422 - Velocimacro : initialization complete.
2016-12-04 20:18:42,422 - Velocity successfully started.
2016-12-04 20:19:06,838 - SimpleLog4JLogSystem initialized using logfile 'velocity.log'
2016-12-04 20:19:06,839 - ************************************************************** 
2016-12-04 20:19:06,839 - Starting Jakarta Velocity v1.4
2016-12-04 20:19:06,839 - RuntimeInstance initializing.
2016-12-04 20:19:06,839 - Default Properties File: org\apache\velocity\runtime\defaults\velocity.properties
2016-12-04 20:19:06,839 - Trying to use logger class org.apache.velocity.runtime.log.SimpleLog4JLogSystem
2016-12-04 20:19:06,839 - Using logger class org.apache.velocity.runtime.log.SimpleLog4JLogSystem
2016-12-04 20:19:06,842 - Default ResourceManager initializing. (class org.apache.velocity.runtime.resource.ResourceManagerImpl)
2016-12-04 20:19:06,845 - Resource Loader Instantiated: org.apache.velocity.runtime.resource.loader.ClasspathResourceLoader
2016-12-04 20:19:06,845 - ClasspathResourceLoader : initialization starting.
2016-12-04 20:19:06,845 - ClasspathResourceLoader : initialization complete.
2016-12-04 20:19:06,847 - ResourceCache : initialized. (class org.apache.velocity.runtime.resource.ResourceCacheImpl)
2016-12-04 20:19:06,847 - Default ResourceManager initialization complete.
2016-12-04 20:19:06,850 - Loaded System Directive: org.apache.velocity.runtime.directive.Literal
2016-12-04 20:19:06,852 - Loaded System Directive: org.apache.velocity.runtime.directive.Macro
2016-12-04 20:19:06,855 - Loaded System Directive: org.apache.velocity.runtime.directive.Parse
2016-12-04 20:19:06,856 - Loaded System Directive: org.apache.velocity.runtime.directive.Include
2016-12-04 20:19:06,857 - Loaded System Directive: org.apache.velocity.runtime.directive.Foreach
2016-12-04 20:19:06,888 - Created: 20 parsers.
2016-12-04 20:19:06,896 - Velocimacro : initialization starting.
2016-12-04 20:19:06,896 - Velocimacro : adding VMs from VM library template : VM_global_library.vm
2016-12-04 20:19:06,904 - ResourceManager : unable to find resource 'VM_global_library.vm' in any resource loader.
2016-12-04 20:19:06,904 - Velocimacro : error using  VM library template VM_global_library.vm : org.apache.velocity.exception.ResourceNotFoundException: Unable to find resource 'VM_global_library.vm'
2016-12-04 20:19:06,904 - Velocimacro :  VM library template macro registration complete.
2016-12-04 20:19:06,905 - Velocimacro : allowInline = true : VMs can be defined inline in templates
2016-12-04 20:19:06,905 - Velocimacro : allowInlineToOverride = false : VMs defined inline may NOT replace previous VM definitions
2016-12-04 20:19:06,905 - Velocimacro : allowInlineLocal = false : VMs defined inline will be  global in scope if allowed.
2016-12-04 20:19:06,905 - Velocimacro : messages on  : VM system will output logging messages
2016-12-04 20:19:06,905 - Velocimacro : autoload off  : VM system will not automatically reload global library macros
2016-12-04 20:19:06,905 - Velocimacro : initialization complete.
2016-12-04 20:19:06,905 - Velocity successfully started.
